[debug] [2020-04-09T00:24:43.943Z] ----------------------------------------------------------------------
[debug] [2020-04-09T00:24:43.944Z] Command:       /usr/local/bin/node /usr/local/bin/firebase deploy
[debug] [2020-04-09T00:24:43.945Z] CLI Version:   8.0.2
[debug] [2020-04-09T00:24:43.945Z] Platform:      darwin
[debug] [2020-04-09T00:24:43.945Z] Node Version:  v12.16.1
[debug] [2020-04-09T00:24:43.945Z] Time:          Wed Apr 08 2020 20:24:43 GMT-0400 (Eastern Daylight Time)
[debug] [2020-04-09T00:24:43.945Z] ----------------------------------------------------------------------
[debug] [2020-04-09T00:24:43.946Z] 
[debug] [2020-04-09T00:24:43.950Z] > command requires scopes: ["email","openid","https://www.googleapis.com/auth/cloudplatformprojects.readonly","https://www.googleapis.com/auth/firebase","https://www.googleapis.com/auth/cloud-platform"]
[debug] [2020-04-09T00:24:43.951Z] > authorizing via signed-in user
[debug] [2020-04-09T00:24:43.951Z] [iam] checking project portfolio-5f956 for permissions ["cloudfunctions.functions.create","cloudfunctions.functions.delete","cloudfunctions.functions.get","cloudfunctions.functions.list","cloudfunctions.functions.update","cloudfunctions.operations.get","datastore.indexes.create","datastore.indexes.delete","datastore.indexes.list","datastore.indexes.update","firebase.projects.get","firebasehosting.sites.update"]
[debug] [2020-04-09T00:24:43.953Z] >>> HTTP REQUEST POST https://cloudresourcemanager.googleapis.com/v1/projects/portfolio-5f956:testIamPermissions  
 {"permissions":["cloudfunctions.functions.create","cloudfunctions.functions.delete","cloudfunctions.functions.get","cloudfunctions.functions.list","cloudfunctions.functions.update","cloudfunctions.operations.get","datastore.indexes.create","datastore.indexes.delete","datastore.indexes.list","datastore.indexes.update","firebase.projects.get","firebasehosting.sites.update"]}
[debug] [2020-04-09T00:24:44.226Z] <<< HTTP RESPONSE 200 {"content-type":"application/json; charset=UTF-8","vary":"X-Origin, Referer, Origin,Accept-Encoding","date":"Thu, 09 Apr 2020 00:24:44 GMT","server":"ESF","cache-control":"private","x-xss-protection":"0","x-frame-options":"SAMEORIGIN","x-content-type-options":"nosniff","server-timing":"gfet4t7; dur=136","alt-svc":"quic=\":443\"; ma=2592000; v=\"46,43\",h3-Q050=\":443\"; ma=2592000,h3-Q049=\":443\"; ma=2592000,h3-Q048=\":443\"; ma=2592000,h3-Q046=\":443\"; ma=2592000,h3-Q043=\":443\"; ma=2592000,h3-T050=\":443\"; ma=2592000","accept-ranges":"none","transfer-encoding":"chunked"}
[debug] [2020-04-09T00:24:44.227Z] >>> HTTP REQUEST POST https://iam.googleapis.com/v1/projects/portfolio-5f956/serviceAccounts/portfolio-5f956@appspot.gserviceaccount.com:testIamPermissions  
 {"permissions":["iam.serviceAccounts.actAs"]}
[debug] [2020-04-09T00:24:44.709Z] <<< HTTP RESPONSE 200 {"content-type":"application/json; charset=UTF-8","vary":"X-Origin, Referer, Origin,Accept-Encoding","date":"Thu, 09 Apr 2020 00:24:44 GMT","server":"ESF","cache-control":"private","x-xss-protection":"0","x-frame-options":"SAMEORIGIN","x-content-type-options":"nosniff","alt-svc":"quic=\":443\"; ma=2592000; v=\"46,43\",h3-Q050=\":443\"; ma=2592000,h3-Q049=\":443\"; ma=2592000,h3-Q048=\":443\"; ma=2592000,h3-Q046=\":443\"; ma=2592000,h3-Q043=\":443\"; ma=2592000,h3-T050=\":443\"; ma=2592000","accept-ranges":"none","transfer-encoding":"chunked"}
[debug] [2020-04-09T00:24:44.710Z] >>> HTTP REQUEST GET https://firebase.googleapis.com/v1beta1/projects/portfolio-5f956  
 
[debug] [2020-04-09T00:24:44.901Z] <<< HTTP RESPONSE 200 {"content-type":"application/json; charset=UTF-8","vary":"X-Origin, Referer, Origin,Accept-Encoding","date":"Thu, 09 Apr 2020 00:24:44 GMT","server":"ESF","cache-control":"private","x-xss-protection":"0","x-frame-options":"SAMEORIGIN","x-content-type-options":"nosniff","alt-svc":"quic=\":443\"; ma=2592000; v=\"46,43\",h3-Q050=\":443\"; ma=2592000,h3-Q049=\":443\"; ma=2592000,h3-Q048=\":443\"; ma=2592000,h3-Q046=\":443\"; ma=2592000,h3-Q043=\":443\"; ma=2592000,h3-T050=\":443\"; ma=2592000","accept-ranges":"none","transfer-encoding":"chunked"}
[info] 
[info] === Deploying to 'portfolio-5f956'...
[info] 
[info] i  deploying firestore, functions, hosting
[info] Running command: npm --prefix "$RESOURCE_DIR" run lint
[info] ✔  functions: Finished running predeploy script.
[info] i  firestore: reading indexes from firestore.indexes.json...
[info] i  cloud.firestore: checking firestore.rules for compilation errors...
[debug] [2020-04-09T00:24:46.432Z] >>> HTTP REQUEST POST https://firebaserules.googleapis.com/v1/projects/portfolio-5f956:test  
 {"source":{"files":[{"name":"firestore.rules","content":"\nrules_version = '2';\nservice cloud.firestore {\n  match /databases/{database}/documents {\n    match /{document=**} {\n      allow read, write: if true;\n      // allow read: if request.auth.uid != nil;\n    }\n  }\n}"}]}}
[debug] [2020-04-09T00:24:46.819Z] <<< HTTP RESPONSE 200 {"content-type":"application/json; charset=UTF-8","vary":"X-Origin, Referer, Origin,Accept-Encoding","date":"Thu, 09 Apr 2020 00:24:46 GMT","server":"ESF","cache-control":"private","x-xss-protection":"0","x-frame-options":"SAMEORIGIN","x-content-type-options":"nosniff","alt-svc":"quic=\":443\"; ma=2592000; v=\"46,43\",h3-Q050=\":443\"; ma=2592000,h3-Q049=\":443\"; ma=2592000,h3-Q048=\":443\"; ma=2592000,h3-Q046=\":443\"; ma=2592000,h3-Q043=\":443\"; ma=2592000,h3-T050=\":443\"; ma=2592000","accept-ranges":"none","transfer-encoding":"chunked"}
[info] ✔  cloud.firestore: rules file firestore.rules compiled successfully
[debug] [2020-04-09T00:24:46.821Z] > [functions] package.json contents: {
  "name": "functions",
  "description": "Cloud Functions for Firebase",
  "scripts": {
    "lint": "eslint .",
    "serve": "firebase emulators:start --only functions",
    "shell": "firebase functions:shell",
    "start": "npm run shell",
    "deploy": "firebase deploy --only functions",
    "logs": "firebase functions:log"
  },
  "engines": {
    "node": "8"
  },
  "dependencies": {
    "firebase-admin": "^8.9.0",
    "firebase-functions": "^3.3.0"
  },
  "devDependencies": {
    "eslint": "^5.12.0",
    "eslint-plugin-promise": "^4.0.1",
    "firebase-functions-test": "^0.1.6"
  },
  "private": true
}
[info] i  functions: ensuring necessary APIs are enabled...
[debug] [2020-04-09T00:24:46.823Z] >>> HTTP REQUEST GET https://serviceusage.googleapis.com/v1/projects/portfolio-5f956/services/cloudfunctions.googleapis.com  
 
[debug] [2020-04-09T00:24:46.823Z] >>> HTTP REQUEST GET https://serviceusage.googleapis.com/v1/projects/portfolio-5f956/services/runtimeconfig.googleapis.com  
 
[debug] [2020-04-09T00:24:47.271Z] <<< HTTP RESPONSE 200 {"content-type":"application/json; charset=UTF-8","vary":"X-Origin, Referer, Origin,Accept-Encoding","date":"Thu, 09 Apr 2020 00:24:47 GMT","server":"ESF","cache-control":"private","x-xss-protection":"0","x-frame-options":"SAMEORIGIN","x-content-type-options":"nosniff","alt-svc":"quic=\":443\"; ma=2592000; v=\"46,43\",h3-Q050=\":443\"; ma=2592000,h3-Q049=\":443\"; ma=2592000,h3-Q048=\":443\"; ma=2592000,h3-Q046=\":443\"; ma=2592000,h3-Q043=\":443\"; ma=2592000,h3-T050=\":443\"; ma=2592000","accept-ranges":"none","transfer-encoding":"chunked"}
[debug] [2020-04-09T00:24:47.319Z] <<< HTTP RESPONSE 200 {"content-type":"application/json; charset=UTF-8","vary":"X-Origin, Referer, Origin,Accept-Encoding","date":"Thu, 09 Apr 2020 00:24:47 GMT","server":"ESF","cache-control":"private","x-xss-protection":"0","x-frame-options":"SAMEORIGIN","x-content-type-options":"nosniff","alt-svc":"quic=\":443\"; ma=2592000; v=\"46,43\",h3-Q050=\":443\"; ma=2592000,h3-Q049=\":443\"; ma=2592000,h3-Q048=\":443\"; ma=2592000,h3-Q046=\":443\"; ma=2592000,h3-Q043=\":443\"; ma=2592000,h3-T050=\":443\"; ma=2592000","accept-ranges":"none","transfer-encoding":"chunked"}
[info] ✔  functions: all necessary APIs are enabled
[debug] [2020-04-09T00:24:47.320Z] >>> HTTP REQUEST GET https://firebase.googleapis.com/v1beta1/projects/portfolio-5f956/adminSdkConfig  
 
[debug] [2020-04-09T00:24:47.491Z] <<< HTTP RESPONSE 200 {"content-type":"application/json; charset=UTF-8","vary":"X-Origin, Referer, Origin,Accept-Encoding","date":"Thu, 09 Apr 2020 00:24:47 GMT","server":"ESF","cache-control":"private","x-xss-protection":"0","x-frame-options":"SAMEORIGIN","x-content-type-options":"nosniff","alt-svc":"quic=\":443\"; ma=2592000; v=\"46,43\",h3-Q050=\":443\"; ma=2592000,h3-Q049=\":443\"; ma=2592000,h3-Q048=\":443\"; ma=2592000,h3-Q046=\":443\"; ma=2592000,h3-Q043=\":443\"; ma=2592000,h3-T050=\":443\"; ma=2592000","accept-ranges":"none","transfer-encoding":"chunked"}
[debug] [2020-04-09T00:24:47.492Z] >>> HTTP REQUEST POST https://firebasehosting.googleapis.com/v1beta1/sites/portfolio-5f956/versions  
 {"config":{},"labels":{"deployment-tool":"cli-firebase"}}
[debug] [2020-04-09T00:24:48.446Z] <<< HTTP RESPONSE 200 {"content-type":"application/json; charset=UTF-8","vary":"X-Origin, Referer, Origin,Accept-Encoding","date":"Thu, 09 Apr 2020 00:24:48 GMT","server":"ESF","cache-control":"private","x-xss-protection":"0","x-frame-options":"SAMEORIGIN","x-content-type-options":"nosniff","alt-svc":"quic=\":443\"; ma=2592000; v=\"46,43\",h3-Q050=\":443\"; ma=2592000,h3-Q049=\":443\"; ma=2592000,h3-Q048=\":443\"; ma=2592000,h3-Q046=\":443\"; ma=2592000,h3-Q043=\":443\"; ma=2592000,h3-T050=\":443\"; ma=2592000","accept-ranges":"none","transfer-encoding":"chunked"}
[debug] [2020-04-09T00:24:48.449Z] >>> HTTP REQUEST GET https://firebaserules.googleapis.com/v1/projects/portfolio-5f956/releases?pageSize=10&pageToken=  
 
[debug] [2020-04-09T00:24:48.449Z] >>> HTTP REQUEST GET https://firestore.googleapis.com/v1beta2/projects/portfolio-5f956/databases/(default)/collectionGroups/-/indexes  
 
[debug] [2020-04-09T00:24:48.847Z] <<< HTTP RESPONSE 200 {"content-type":"application/json; charset=UTF-8","vary":"X-Origin, Referer, Origin,Accept-Encoding","date":"Thu, 09 Apr 2020 00:24:48 GMT","server":"ESF","cache-control":"private","x-xss-protection":"0","x-frame-options":"SAMEORIGIN","x-content-type-options":"nosniff","alt-svc":"quic=\":443\"; ma=2592000; v=\"46,43\",h3-Q050=\":443\"; ma=2592000,h3-Q049=\":443\"; ma=2592000,h3-Q048=\":443\"; ma=2592000,h3-Q046=\":443\"; ma=2592000,h3-Q043=\":443\"; ma=2592000,h3-T050=\":443\"; ma=2592000","accept-ranges":"none","transfer-encoding":"chunked"}
[debug] [2020-04-09T00:24:48.848Z] >>> HTTP REQUEST GET https://firestore.googleapis.com/v1beta2/projects/portfolio-5f956/databases/(default)/collectionGroups/-/fields?filter=indexConfig.usesAncestorConfig=false  
 
[debug] [2020-04-09T00:24:48.882Z] <<< HTTP RESPONSE 200 {"content-type":"application/json; charset=UTF-8","vary":"X-Origin, Referer, Origin,Accept-Encoding","date":"Thu, 09 Apr 2020 00:24:48 GMT","server":"ESF","cache-control":"private","x-xss-protection":"0","x-frame-options":"SAMEORIGIN","x-content-type-options":"nosniff","alt-svc":"quic=\":443\"; ma=2592000; v=\"46,43\",h3-Q050=\":443\"; ma=2592000,h3-Q049=\":443\"; ma=2592000,h3-Q048=\":443\"; ma=2592000,h3-Q046=\":443\"; ma=2592000,h3-Q043=\":443\"; ma=2592000,h3-T050=\":443\"; ma=2592000","accept-ranges":"none","transfer-encoding":"chunked"}
[debug] [2020-04-09T00:24:48.884Z] >>> HTTP REQUEST GET https://firebaserules.googleapis.com/v1/projects/portfolio-5f956/rulesets/7a06c2a8-1991-4fd5-9079-170114a1c2ba  
 
[debug] [2020-04-09T00:24:49.160Z] <<< HTTP RESPONSE 200 {"content-type":"application/json; charset=UTF-8","vary":"X-Origin, Referer, Origin,Accept-Encoding","date":"Thu, 09 Apr 2020 00:24:49 GMT","server":"ESF","cache-control":"private","x-xss-protection":"0","x-frame-options":"SAMEORIGIN","x-content-type-options":"nosniff","alt-svc":"quic=\":443\"; ma=2592000; v=\"46,43\",h3-Q050=\":443\"; ma=2592000,h3-Q049=\":443\"; ma=2592000,h3-Q048=\":443\"; ma=2592000,h3-Q046=\":443\"; ma=2592000,h3-Q043=\":443\"; ma=2592000,h3-T050=\":443\"; ma=2592000","accept-ranges":"none","transfer-encoding":"chunked"}
[info] i  firestore: latest version of firestore.rules already up to date, skipping upload...
[debug] [2020-04-09T00:24:49.167Z] <<< HTTP RESPONSE 200 {"content-type":"application/json; charset=UTF-8","vary":"X-Origin, Referer, Origin,Accept-Encoding","date":"Thu, 09 Apr 2020 00:24:49 GMT","server":"ESF","cache-control":"private","x-xss-protection":"0","x-frame-options":"SAMEORIGIN","x-content-type-options":"nosniff","alt-svc":"quic=\":443\"; ma=2592000; v=\"46,43\",h3-Q050=\":443\"; ma=2592000,h3-Q049=\":443\"; ma=2592000,h3-Q048=\":443\"; ma=2592000,h3-Q046=\":443\"; ma=2592000,h3-Q043=\":443\"; ma=2592000,h3-T050=\":443\"; ma=2592000","accept-ranges":"none","transfer-encoding":"chunked"}
[info] ✔  firestore: deployed indexes in firestore.indexes.json successfully
[info] i  functions: preparing functions directory for uploading...
[debug] [2020-04-09T00:24:49.169Z] >>> HTTP REQUEST GET https://runtimeconfig.googleapis.com/v1beta1/projects/portfolio-5f956/configs  
 
[debug] [2020-04-09T00:24:49.499Z] <<< HTTP RESPONSE 200 {"content-type":"application/json; charset=UTF-8","vary":"X-Origin, Referer, Origin,Accept-Encoding","date":"Thu, 09 Apr 2020 00:24:49 GMT","server":"ESF","cache-control":"private","x-xss-protection":"0","x-frame-options":"SAMEORIGIN","x-content-type-options":"nosniff","alt-svc":"quic=\":443\"; ma=2592000; v=\"46,43\",h3-Q050=\":443\"; ma=2592000,h3-Q049=\":443\"; ma=2592000,h3-Q048=\":443\"; ma=2592000,h3-Q046=\":443\"; ma=2592000,h3-Q043=\":443\"; ma=2592000,h3-T050=\":443\"; ma=2592000","accept-ranges":"none","transfer-encoding":"chunked"}
[info] i  functions: packaged functions (40.48 KB) for uploading
[debug] [2020-04-09T00:24:49.614Z] >>> HTTP REQUEST GET https://cloudfunctions.googleapis.com/v1/projects/portfolio-5f956/locations/-/functions  
 
[debug] [2020-04-09T00:24:50.138Z] <<< HTTP RESPONSE 200 {"content-type":"application/json; charset=UTF-8","vary":"X-Origin, Referer, Origin,Accept-Encoding","date":"Thu, 09 Apr 2020 00:24:50 GMT","server":"ESF","cache-control":"private","x-xss-protection":"0","x-frame-options":"SAMEORIGIN","x-content-type-options":"nosniff","alt-svc":"quic=\":443\"; ma=2592000; v=\"46,43\",h3-Q050=\":443\"; ma=2592000,h3-Q049=\":443\"; ma=2592000,h3-Q048=\":443\"; ma=2592000,h3-Q046=\":443\"; ma=2592000,h3-Q043=\":443\"; ma=2592000,h3-T050=\":443\"; ma=2592000","accept-ranges":"none","transfer-encoding":"chunked"}
[debug] [2020-04-09T00:24:50.140Z] >>> HTTP REQUEST POST https://cloudfunctions.googleapis.com/v1/projects/portfolio-5f956/locations/us-central1/functions:generateUploadUrl  
 
[debug] [2020-04-09T00:24:50.750Z] <<< HTTP RESPONSE 200 {"content-type":"application/json; charset=UTF-8","vary":"X-Origin, Referer, Origin,Accept-Encoding","date":"Thu, 09 Apr 2020 00:24:50 GMT","server":"ESF","cache-control":"private","x-xss-protection":"0","x-frame-options":"SAMEORIGIN","x-content-type-options":"nosniff","alt-svc":"quic=\":443\"; ma=2592000; v=\"46,43\",h3-Q050=\":443\"; ma=2592000,h3-Q049=\":443\"; ma=2592000,h3-Q048=\":443\"; ma=2592000,h3-Q046=\":443\"; ma=2592000,h3-Q043=\":443\"; ma=2592000,h3-T050=\":443\"; ma=2592000","accept-ranges":"none","transfer-encoding":"chunked"}
[debug] [2020-04-09T00:24:50.751Z] >>> HTTP REQUEST PUT https://storage.googleapis.com/gcf-upload-us-central1-6a9d3ea2-dd33-4901-98fc-6b501975e3e9/29d492ea-b63c-4a8c-be0c-7d802f57e218.zip?GoogleAccessId=service-322089138229@gcf-admin-robot.iam.gserviceaccount.com&Expires=1586393690&Signature=qoB4oOLAGCLvZavbT%2FfhSvX3KfQrrxaVivq490SnfHNgDrqDMav%2FMZ%2BCFF7YIAMnbbcPCiLXEh%2F7HZyqrnZw9UtCbDmSt032YyGRKu2W2ds%2FTwJpijYb7oSC6CX1LaAySjB7yPMMe%2FDC94DVYH5NQJ6KNfsFV9XKGP8aBCygsmrIuUlQ4D2Yy19wbhxt2rOk4YrSbsLU5t8277EmBy%2FeVXZD0CDPpggiwHOTSWPqDjw%2BHn2lUjmop8%2Bneiz6QBEwnuMtyEVy4yEhAKNT9%2FkKI1voMgU23OGJYh%2By9XNf3cAlY4YPX36cIIgaImuKl855w3IiHfH09OH6OgpvDPUr9Q%3D%3D  
 <request body omitted>
[debug] [2020-04-09T00:24:51.073Z] <<< HTTP RESPONSE 200 {"x-guploader-uploadid":"AEnB2Up0-K5pFq7AxhGmlZmsZGNTt_3dshflscxjj2xNc0gT-qXx6yUkfIWnvaULOPsKCn8RCGCka96sKcMjfgUpd7X24VyG8R-cBBOnd7A4ZBttevTRMjg","etag":"\"6e0d6172aa145c2a512c6ad50a6f64c1\"","x-goog-generation":"1586391891030008","x-goog-metageneration":"1","x-goog-hash":"crc32c=4+RZ/Q==, md5=bg1hcqoUXCpRLGrVCm9kwQ==","x-goog-stored-content-length":"41448","x-goog-stored-content-encoding":"identity","vary":"Origin","content-length":"0","date":"Thu, 09 Apr 2020 00:24:51 GMT","server":"UploadServer","content-type":"text/html; charset=UTF-8","alt-svc":"quic=\":443\"; ma=2592000; v=\"46,43\",h3-Q050=\":443\"; ma=2592000,h3-Q049=\":443\"; ma=2592000,h3-Q048=\":443\"; ma=2592000,h3-Q046=\":443\"; ma=2592000,h3-Q043=\":443\"; ma=2592000,h3-T050=\":443\"; ma=2592000"}
[info] ✔  functions: functions folder uploaded successfully
[info] i  hosting[portfolio-5f956]: beginning deploy...
[info] i  hosting[portfolio-5f956]: found 10 files in output
[debug] [2020-04-09T00:24:51.086Z] [hosting] hash cache [b3V0cHV0] stored for 10 files
[debug] [2020-04-09T00:24:51.086Z] [hosting][hash queue][FINAL] {"max":1,"min":0,"avg":0,"active":0,"complete":10,"success":10,"errored":0,"retried":0,"total":10,"elapsed":3}
[debug] [2020-04-09T00:24:51.087Z] >>> HTTP REQUEST POST https://firebasehosting.googleapis.com/v1beta1/sites/portfolio-5f956/versions/2a4fa6584c0d1a3d:populateFiles  
 <request body omitted>
[debug] [2020-04-09T00:24:51.776Z] <<< HTTP RESPONSE 200 {"content-type":"application/json; charset=UTF-8","vary":"X-Origin, Referer, Origin,Accept-Encoding","date":"Thu, 09 Apr 2020 00:24:51 GMT","server":"ESF","cache-control":"private","x-xss-protection":"0","x-frame-options":"SAMEORIGIN","x-content-type-options":"nosniff","alt-svc":"quic=\":443\"; ma=2592000; v=\"46,43\",h3-Q050=\":443\"; ma=2592000,h3-Q049=\":443\"; ma=2592000,h3-Q048=\":443\"; ma=2592000,h3-Q046=\":443\"; ma=2592000,h3-Q043=\":443\"; ma=2592000,h3-T050=\":443\"; ma=2592000","accept-ranges":"none","transfer-encoding":"chunked"}
[debug] [2020-04-09T00:24:51.776Z] [hosting][populate queue][FINAL] {"max":692,"min":692,"avg":692,"active":0,"complete":1,"success":1,"errored":0,"retried":0,"total":1,"elapsed":692}
[debug] [2020-04-09T00:24:51.777Z] [hosting] uploads queued: 0
[debug] [2020-04-09T00:24:51.777Z] [hosting][upload queue][FINAL] {"max":0,"min":9999999999,"avg":0,"active":0,"complete":0,"success":0,"errored":0,"retried":0,"total":0,"elapsed":1586391891777}
[info] ✔  hosting[portfolio-5f956]: file upload complete
[debug] [2020-04-09T00:24:51.777Z] [hosting] deploy completed after 703ms
[debug] [2020-04-09T00:24:51.920Z] [rules] releasing cloud.firestore with ruleset projects/portfolio-5f956/rulesets/7a06c2a8-1991-4fd5-9079-170114a1c2ba
[debug] [2020-04-09T00:24:51.921Z] >>> HTTP REQUEST PATCH https://firebaserules.googleapis.com/v1/projects/portfolio-5f956/releases/cloud.firestore  
 {"release":{"name":"projects/portfolio-5f956/releases/cloud.firestore","rulesetName":"projects/portfolio-5f956/rulesets/7a06c2a8-1991-4fd5-9079-170114a1c2ba"}}
[debug] [2020-04-09T00:24:52.486Z] <<< HTTP RESPONSE 200 {"content-type":"application/json; charset=UTF-8","vary":"X-Origin, Referer, Origin,Accept-Encoding","date":"Thu, 09 Apr 2020 00:24:52 GMT","server":"ESF","cache-control":"private","x-xss-protection":"0","x-frame-options":"SAMEORIGIN","x-content-type-options":"nosniff","alt-svc":"quic=\":443\"; ma=2592000; v=\"46,43\",h3-Q050=\":443\"; ma=2592000,h3-Q049=\":443\"; ma=2592000,h3-Q048=\":443\"; ma=2592000,h3-Q046=\":443\"; ma=2592000,h3-Q043=\":443\"; ma=2592000,h3-T050=\":443\"; ma=2592000","accept-ranges":"none","transfer-encoding":"chunked"}
[debug] [2020-04-09T00:24:52.486Z] [rules] updated release projects/portfolio-5f956/releases/cloud.firestore
[info] ✔  firestore: released rules firestore.rules to cloud.firestore
[info] i  functions: updating Node.js 8 function sendPushNotification(us-central1)...
[debug] [2020-04-09T00:24:52.488Z] Trigger is:  {"eventTrigger":{"resource":"projects/portfolio-5f956/databases/(default)/documents/Messages/{document=**}","eventType":"providers/cloud.firestore/eventTypes/document.create","service":"firestore.googleapis.com"}}
[debug] [2020-04-09T00:24:52.489Z] >>> HTTP REQUEST GET https://serviceusage.googleapis.com/v1/projects/portfolio-5f956/services/cloudscheduler.googleapis.com  
 
[debug] [2020-04-09T00:24:53.008Z] <<< HTTP RESPONSE 200 {"content-type":"application/json; charset=UTF-8","vary":"X-Origin, Referer, Origin,Accept-Encoding","date":"Thu, 09 Apr 2020 00:24:52 GMT","server":"ESF","cache-control":"private","x-xss-protection":"0","x-frame-options":"SAMEORIGIN","x-content-type-options":"nosniff","alt-svc":"quic=\":443\"; ma=2592000; v=\"46,43\",h3-Q050=\":443\"; ma=2592000,h3-Q049=\":443\"; ma=2592000,h3-Q048=\":443\"; ma=2592000,h3-Q046=\":443\"; ma=2592000,h3-Q043=\":443\"; ma=2592000,h3-T050=\":443\"; ma=2592000","accept-ranges":"none","transfer-encoding":"chunked"}
[debug] [2020-04-09T00:24:53.010Z] >>> HTTP REQUEST PATCH https://cloudfunctions.googleapis.com/v1/projects/portfolio-5f956/locations/us-central1/functions/sendPushNotification {"updateMask":"sourceUploadUrl,name,labels,runtime,eventTrigger.resource,eventTrigger.eventType,eventTrigger.service"} 
 {"sourceUploadUrl":"https://storage.googleapis.com/gcf-upload-us-central1-6a9d3ea2-dd33-4901-98fc-6b501975e3e9/29d492ea-b63c-4a8c-be0c-7d802f57e218.zip?GoogleAccessId=service-322089138229@gcf-admin-robot.iam.gserviceaccount.com&Expires=1586393690&Signature=qoB4oOLAGCLvZavbT%2FfhSvX3KfQrrxaVivq490SnfHNgDrqDMav%2FMZ%2BCFF7YIAMnbbcPCiLXEh%2F7HZyqrnZw9UtCbDmSt032YyGRKu2W2ds%2FTwJpijYb7oSC6CX1LaAySjB7yPMMe%2FDC94DVYH5NQJ6KNfsFV9XKGP8aBCygsmrIuUlQ4D2Yy19wbhxt2rOk4YrSbsLU5t8277EmBy%2FeVXZD0CDPpggiwHOTSWPqDjw%2BHn2lUjmop8%2Bneiz6QBEwnuMtyEVy4yEhAKNT9%2FkKI1voMgU23OGJYh%2By9XNf3cAlY4YPX36cIIgaImuKl855w3IiHfH09OH6OgpvDPUr9Q%3D%3D","name":"projects/portfolio-5f956/locations/us-central1/functions/sendPushNotification","labels":{"deployment-tool":"cli-firebase"},"eventTrigger":{"resource":"projects/portfolio-5f956/databases/(default)/documents/Messages/{document=**}","eventType":"providers/cloud.firestore/eventTypes/document.create","service":"firestore.googleapis.com"},"runtime":"nodejs8"}
[debug] [2020-04-09T00:24:53.473Z] <<< HTTP RESPONSE 200 {"content-type":"application/json; charset=UTF-8","vary":"X-Origin, Referer, Origin,Accept-Encoding","date":"Thu, 09 Apr 2020 00:24:53 GMT","server":"ESF","cache-control":"private","x-xss-protection":"0","x-frame-options":"SAMEORIGIN","x-content-type-options":"nosniff","alt-svc":"quic=\":443\"; ma=2592000; v=\"46,43\",h3-Q050=\":443\"; ma=2592000,h3-Q049=\":443\"; ma=2592000,h3-Q048=\":443\"; ma=2592000,h3-Q046=\":443\"; ma=2592000,h3-Q043=\":443\"; ma=2592000,h3-T050=\":443\"; ma=2592000","accept-ranges":"none","transfer-encoding":"chunked"}
[debug] [2020-04-09T00:24:53.475Z] >>> HTTP REQUEST GET https://cloudfunctions.googleapis.com/v1/operations/cG9ydGZvbGlvLTVmOTU2L3VzLWNlbnRyYWwxL3NlbmRQdXNoTm90aWZpY2F0aW9uL0lXcmtocUtOcFlj  
 
[debug] [2020-04-09T00:24:53.818Z] <<< HTTP RESPONSE 200 {"content-type":"application/json; charset=UTF-8","vary":"X-Origin, Referer, Origin,Accept-Encoding","date":"Thu, 09 Apr 2020 00:24:53 GMT","server":"ESF","cache-control":"private","x-xss-protection":"0","x-frame-options":"SAMEORIGIN","x-content-type-options":"nosniff","alt-svc":"quic=\":443\"; ma=2592000; v=\"46,43\",h3-Q050=\":443\"; ma=2592000,h3-Q049=\":443\"; ma=2592000,h3-Q048=\":443\"; ma=2592000,h3-Q046=\":443\"; ma=2592000,h3-Q043=\":443\"; ma=2592000,h3-T050=\":443\"; ma=2592000","accept-ranges":"none","transfer-encoding":"chunked"}
[debug] [2020-04-09T00:24:55.821Z] >>> HTTP REQUEST GET https://cloudfunctions.googleapis.com/v1/operations/cG9ydGZvbGlvLTVmOTU2L3VzLWNlbnRyYWwxL3NlbmRQdXNoTm90aWZpY2F0aW9uL0lXcmtocUtOcFlj  
 
[debug] [2020-04-09T00:24:56.177Z] <<< HTTP RESPONSE 200 {"content-type":"application/json; charset=UTF-8","vary":"X-Origin, Referer, Origin,Accept-Encoding","date":"Thu, 09 Apr 2020 00:24:56 GMT","server":"ESF","cache-control":"private","x-xss-protection":"0","x-frame-options":"SAMEORIGIN","x-content-type-options":"nosniff","alt-svc":"quic=\":443\"; ma=2592000; v=\"46,43\",h3-Q050=\":443\"; ma=2592000,h3-Q049=\":443\"; ma=2592000,h3-Q048=\":443\"; ma=2592000,h3-Q046=\":443\"; ma=2592000,h3-Q043=\":443\"; ma=2592000,h3-T050=\":443\"; ma=2592000","accept-ranges":"none","transfer-encoding":"chunked"}
[debug] [2020-04-09T00:24:58.182Z] >>> HTTP REQUEST GET https://cloudfunctions.googleapis.com/v1/operations/cG9ydGZvbGlvLTVmOTU2L3VzLWNlbnRyYWwxL3NlbmRQdXNoTm90aWZpY2F0aW9uL0lXcmtocUtOcFlj  
 
[debug] [2020-04-09T00:24:58.615Z] <<< HTTP RESPONSE 200 {"content-type":"application/json; charset=UTF-8","vary":"X-Origin, Referer, Origin,Accept-Encoding","date":"Thu, 09 Apr 2020 00:24:58 GMT","server":"ESF","cache-control":"private","x-xss-protection":"0","x-frame-options":"SAMEORIGIN","x-content-type-options":"nosniff","alt-svc":"quic=\":443\"; ma=2592000; v=\"46,43\",h3-Q050=\":443\"; ma=2592000,h3-Q049=\":443\"; ma=2592000,h3-Q048=\":443\"; ma=2592000,h3-Q046=\":443\"; ma=2592000,h3-Q043=\":443\"; ma=2592000,h3-T050=\":443\"; ma=2592000","accept-ranges":"none","transfer-encoding":"chunked"}
[debug] [2020-04-09T00:25:00.621Z] >>> HTTP REQUEST GET https://cloudfunctions.googleapis.com/v1/operations/cG9ydGZvbGlvLTVmOTU2L3VzLWNlbnRyYWwxL3NlbmRQdXNoTm90aWZpY2F0aW9uL0lXcmtocUtOcFlj  
 
[debug] [2020-04-09T00:25:00.886Z] <<< HTTP RESPONSE 200 {"content-type":"application/json; charset=UTF-8","vary":"X-Origin, Referer, Origin,Accept-Encoding","date":"Thu, 09 Apr 2020 00:25:00 GMT","server":"ESF","cache-control":"private","x-xss-protection":"0","x-frame-options":"SAMEORIGIN","x-content-type-options":"nosniff","alt-svc":"quic=\":443\"; ma=2592000; v=\"46,43\",h3-Q050=\":443\"; ma=2592000,h3-Q049=\":443\"; ma=2592000,h3-Q048=\":443\"; ma=2592000,h3-Q046=\":443\"; ma=2592000,h3-Q043=\":443\"; ma=2592000,h3-T050=\":443\"; ma=2592000","accept-ranges":"none","transfer-encoding":"chunked"}
[debug] [2020-04-09T00:25:02.890Z] >>> HTTP REQUEST GET https://cloudfunctions.googleapis.com/v1/operations/cG9ydGZvbGlvLTVmOTU2L3VzLWNlbnRyYWwxL3NlbmRQdXNoTm90aWZpY2F0aW9uL0lXcmtocUtOcFlj  
 
[debug] [2020-04-09T00:25:03.214Z] <<< HTTP RESPONSE 200 {"content-type":"application/json; charset=UTF-8","vary":"X-Origin, Referer, Origin,Accept-Encoding","date":"Thu, 09 Apr 2020 00:25:03 GMT","server":"ESF","cache-control":"private","x-xss-protection":"0","x-frame-options":"SAMEORIGIN","x-content-type-options":"nosniff","alt-svc":"quic=\":443\"; ma=2592000; v=\"46,43\",h3-Q050=\":443\"; ma=2592000,h3-Q049=\":443\"; ma=2592000,h3-Q048=\":443\"; ma=2592000,h3-Q046=\":443\"; ma=2592000,h3-Q043=\":443\"; ma=2592000,h3-T050=\":443\"; ma=2592000","accept-ranges":"none","transfer-encoding":"chunked"}
[debug] [2020-04-09T00:25:05.220Z] >>> HTTP REQUEST GET https://cloudfunctions.googleapis.com/v1/operations/cG9ydGZvbGlvLTVmOTU2L3VzLWNlbnRyYWwxL3NlbmRQdXNoTm90aWZpY2F0aW9uL0lXcmtocUtOcFlj  
 
[debug] [2020-04-09T00:25:05.588Z] <<< HTTP RESPONSE 200 {"content-type":"application/json; charset=UTF-8","vary":"X-Origin, Referer, Origin,Accept-Encoding","date":"Thu, 09 Apr 2020 00:25:05 GMT","server":"ESF","cache-control":"private","x-xss-protection":"0","x-frame-options":"SAMEORIGIN","x-content-type-options":"nosniff","alt-svc":"quic=\":443\"; ma=2592000; v=\"46,43\",h3-Q050=\":443\"; ma=2592000,h3-Q049=\":443\"; ma=2592000,h3-Q048=\":443\"; ma=2592000,h3-Q046=\":443\"; ma=2592000,h3-Q043=\":443\"; ma=2592000,h3-T050=\":443\"; ma=2592000","accept-ranges":"none","transfer-encoding":"chunked"}
[debug] [2020-04-09T00:25:07.589Z] >>> HTTP REQUEST GET https://cloudfunctions.googleapis.com/v1/operations/cG9ydGZvbGlvLTVmOTU2L3VzLWNlbnRyYWwxL3NlbmRQdXNoTm90aWZpY2F0aW9uL0lXcmtocUtOcFlj  
 
[debug] [2020-04-09T00:25:07.937Z] <<< HTTP RESPONSE 200 {"content-type":"application/json; charset=UTF-8","vary":"X-Origin, Referer, Origin,Accept-Encoding","date":"Thu, 09 Apr 2020 00:25:07 GMT","server":"ESF","cache-control":"private","x-xss-protection":"0","x-frame-options":"SAMEORIGIN","x-content-type-options":"nosniff","alt-svc":"quic=\":443\"; ma=2592000; v=\"46,43\",h3-Q050=\":443\"; ma=2592000,h3-Q049=\":443\"; ma=2592000,h3-Q048=\":443\"; ma=2592000,h3-Q046=\":443\"; ma=2592000,h3-Q043=\":443\"; ma=2592000,h3-T050=\":443\"; ma=2592000","accept-ranges":"none","transfer-encoding":"chunked"}
[debug] [2020-04-09T00:25:09.938Z] >>> HTTP REQUEST GET https://cloudfunctions.googleapis.com/v1/operations/cG9ydGZvbGlvLTVmOTU2L3VzLWNlbnRyYWwxL3NlbmRQdXNoTm90aWZpY2F0aW9uL0lXcmtocUtOcFlj  
 
[debug] [2020-04-09T00:25:10.203Z] <<< HTTP RESPONSE 200 {"content-type":"application/json; charset=UTF-8","vary":"X-Origin, Referer, Origin,Accept-Encoding","date":"Thu, 09 Apr 2020 00:25:10 GMT","server":"ESF","cache-control":"private","x-xss-protection":"0","x-frame-options":"SAMEORIGIN","x-content-type-options":"nosniff","alt-svc":"quic=\":443\"; ma=2592000; v=\"46,43\",h3-Q050=\":443\"; ma=2592000,h3-Q049=\":443\"; ma=2592000,h3-Q048=\":443\"; ma=2592000,h3-Q046=\":443\"; ma=2592000,h3-Q043=\":443\"; ma=2592000,h3-T050=\":443\"; ma=2592000","accept-ranges":"none","transfer-encoding":"chunked"}
[debug] [2020-04-09T00:25:12.208Z] >>> HTTP REQUEST GET https://cloudfunctions.googleapis.com/v1/operations/cG9ydGZvbGlvLTVmOTU2L3VzLWNlbnRyYWwxL3NlbmRQdXNoTm90aWZpY2F0aW9uL0lXcmtocUtOcFlj  
 
[debug] [2020-04-09T00:25:12.577Z] <<< HTTP RESPONSE 200 {"content-type":"application/json; charset=UTF-8","vary":"X-Origin, Referer, Origin,Accept-Encoding","date":"Thu, 09 Apr 2020 00:25:12 GMT","server":"ESF","cache-control":"private","x-xss-protection":"0","x-frame-options":"SAMEORIGIN","x-content-type-options":"nosniff","alt-svc":"quic=\":443\"; ma=2592000; v=\"46,43\",h3-Q050=\":443\"; ma=2592000,h3-Q049=\":443\"; ma=2592000,h3-Q048=\":443\"; ma=2592000,h3-Q046=\":443\"; ma=2592000,h3-Q043=\":443\"; ma=2592000,h3-T050=\":443\"; ma=2592000","accept-ranges":"none","transfer-encoding":"chunked"}
[debug] [2020-04-09T00:25:14.583Z] >>> HTTP REQUEST GET https://cloudfunctions.googleapis.com/v1/operations/cG9ydGZvbGlvLTVmOTU2L3VzLWNlbnRyYWwxL3NlbmRQdXNoTm90aWZpY2F0aW9uL0lXcmtocUtOcFlj  
 
[debug] [2020-04-09T00:25:14.920Z] <<< HTTP RESPONSE 200 {"content-type":"application/json; charset=UTF-8","vary":"X-Origin, Referer, Origin,Accept-Encoding","date":"Thu, 09 Apr 2020 00:25:14 GMT","server":"ESF","cache-control":"private","x-xss-protection":"0","x-frame-options":"SAMEORIGIN","x-content-type-options":"nosniff","alt-svc":"quic=\":443\"; ma=2592000; v=\"46,43\",h3-Q050=\":443\"; ma=2592000,h3-Q049=\":443\"; ma=2592000,h3-Q048=\":443\"; ma=2592000,h3-Q046=\":443\"; ma=2592000,h3-Q043=\":443\"; ma=2592000,h3-T050=\":443\"; ma=2592000","accept-ranges":"none","transfer-encoding":"chunked"}
[debug] [2020-04-09T00:25:16.923Z] >>> HTTP REQUEST GET https://cloudfunctions.googleapis.com/v1/operations/cG9ydGZvbGlvLTVmOTU2L3VzLWNlbnRyYWwxL3NlbmRQdXNoTm90aWZpY2F0aW9uL0lXcmtocUtOcFlj  
 
[debug] [2020-04-09T00:25:17.299Z] <<< HTTP RESPONSE 200 {"content-type":"application/json; charset=UTF-8","vary":"X-Origin, Referer, Origin,Accept-Encoding","date":"Thu, 09 Apr 2020 00:25:17 GMT","server":"ESF","cache-control":"private","x-xss-protection":"0","x-frame-options":"SAMEORIGIN","x-content-type-options":"nosniff","alt-svc":"quic=\":443\"; ma=2592000; v=\"46,43\",h3-Q050=\":443\"; ma=2592000,h3-Q049=\":443\"; ma=2592000,h3-Q048=\":443\"; ma=2592000,h3-Q046=\":443\"; ma=2592000,h3-Q043=\":443\"; ma=2592000,h3-T050=\":443\"; ma=2592000","accept-ranges":"none","transfer-encoding":"chunked"}
[debug] [2020-04-09T00:25:19.301Z] >>> HTTP REQUEST GET https://cloudfunctions.googleapis.com/v1/operations/cG9ydGZvbGlvLTVmOTU2L3VzLWNlbnRyYWwxL3NlbmRQdXNoTm90aWZpY2F0aW9uL0lXcmtocUtOcFlj  
 
[debug] [2020-04-09T00:25:19.849Z] <<< HTTP RESPONSE 200 {"content-type":"application/json; charset=UTF-8","vary":"X-Origin, Referer, Origin,Accept-Encoding","date":"Thu, 09 Apr 2020 00:25:19 GMT","server":"ESF","cache-control":"private","x-xss-protection":"0","x-frame-options":"SAMEORIGIN","x-content-type-options":"nosniff","alt-svc":"quic=\":443\"; ma=2592000; v=\"46,43\",h3-Q050=\":443\"; ma=2592000,h3-Q049=\":443\"; ma=2592000,h3-Q048=\":443\"; ma=2592000,h3-Q046=\":443\"; ma=2592000,h3-Q043=\":443\"; ma=2592000,h3-T050=\":443\"; ma=2592000","accept-ranges":"none","transfer-encoding":"chunked"}
[info] ✔  functions[sendPushNotification(us-central1)]: Successful update operation. 
[debug] [2020-04-09T00:25:19.853Z] [
  {
    "config": {
      "public": "output",
      "ignore": [
        "firebase.json",
        "**/.*",
        "**/node_modules/**"
      ],
      "site": "portfolio-5f956"
    },
    "site": "portfolio-5f956",
    "version": "sites/portfolio-5f956/versions/2a4fa6584c0d1a3d"
  }
]
[info] i  hosting[portfolio-5f956]: finalizing version...
[debug] [2020-04-09T00:25:19.853Z] >>> HTTP REQUEST PATCH https://firebasehosting.googleapis.com/v1beta1/sites/portfolio-5f956/versions/2a4fa6584c0d1a3d?updateMask=status  
 {"status":"FINALIZED"}
[debug] [2020-04-09T00:25:30.076Z] <<< HTTP RESPONSE 503 {"vary":"X-Origin, Referer, Origin,Accept-Encoding","content-type":"application/json; charset=UTF-8","date":"Thu, 09 Apr 2020 00:25:30 GMT","server":"ESF","cache-control":"private","x-xss-protection":"0","x-frame-options":"SAMEORIGIN","x-content-type-options":"nosniff","alt-svc":"quic=\":443\"; ma=2592000; v=\"46,43\",h3-Q050=\":443\"; ma=2592000,h3-Q049=\":443\"; ma=2592000,h3-Q048=\":443\"; ma=2592000,h3-Q046=\":443\"; ma=2592000,h3-Q043=\":443\"; ma=2592000,h3-T050=\":443\"; ma=2592000","accept-ranges":"none","transfer-encoding":"chunked"}
[debug] [2020-04-09T00:25:30.076Z] <<< HTTP RESPONSE BODY {"error":{"code":503,"message":"The service is currently unavailable.","status":"UNAVAILABLE"}}
[error] 
[error] Error: HTTP Error: 503, The service is currently unavailable.
[debug] [2020-04-09T00:25:30.185Z] Error Context: {
  "body": {
    "error": {
      "code": 503,
      "message": "The service is currently unavailable.",
      "status": "UNAVAILABLE"
    }
  },
  "response": {
    "statusCode": 503,
    "body": {
      "error": {
        "code": 503,
        "message": "The service is currently unavailable.",
        "status": "UNAVAILABLE"
      }
    },
    "headers": {
      "vary": "X-Origin, Referer, Origin,Accept-Encoding",
      "content-type": "application/json; charset=UTF-8",
      "date": "Thu, 09 Apr 2020 00:25:30 GMT",
      "server": "ESF",
      "cache-control": "private",
      "x-xss-protection": "0",
      "x-frame-options": "SAMEORIGIN",
      "x-content-type-options": "nosniff",
      "alt-svc": "quic=\":443\"; ma=2592000; v=\"46,43\",h3-Q050=\":443\"; ma=2592000,h3-Q049=\":443\"; ma=2592000,h3-Q048=\":443\"; ma=2592000,h3-Q046=\":443\"; ma=2592000,h3-Q043=\":443\"; ma=2592000,h3-T050=\":443\"; ma=2592000",
      "accept-ranges": "none",
      "transfer-encoding": "chunked"
    },
    "request": {
      "uri": {
        "protocol": "https:",
        "slashes": true,
        "auth": null,
        "host": "firebasehosting.googleapis.com",
        "port": 443,
        "hostname": "firebasehosting.googleapis.com",
        "hash": null,
        "search": "?updateMask=status",
        "query": "updateMask=status",
        "pathname": "/v1beta1/sites/portfolio-5f956/versions/2a4fa6584c0d1a3d",
        "path": "/v1beta1/sites/portfolio-5f956/versions/2a4fa6584c0d1a3d?updateMask=status",
        "href": "https://firebasehosting.googleapis.com/v1beta1/sites/portfolio-5f956/versions/2a4fa6584c0d1a3d?updateMask=status"
      },
      "method": "PATCH"
    }
  }
}
